\BOOKMARK [0][-]{chapter*.4}{Daftar Gambar}{}% 1
\BOOKMARK [0][-]{chapter*.5}{Daftar Tabel}{}% 2
\BOOKMARK [0][-]{chapter*.7}{Foreword}{}% 3
\BOOKMARK [0][-]{chapter*.8}{Kata Pengantar}{}% 4
\BOOKMARK [0][-]{chapter*.9}{Acknowledgments}{}% 5
\BOOKMARK [0][-]{chapter*.10}{Acronyms}{}% 6
\BOOKMARK [0][-]{chapter*.11}{Glossary}{}% 7
\BOOKMARK [0][-]{chapter*.12}{List of Symbols}{}% 8
\BOOKMARK [0][-]{chapter*.13}{Introduction}{}% 9
\BOOKMARK [0][-]{chapter*.13}{Rolly Maulana Awangga, S.T., M.T.}{}% 10
\BOOKMARK [0][-]{chapter.1}{Chapter 1}{}% 11
\BOOKMARK [1][-]{section.1.1}{1174006 - Kadek Diva Krishna Murti}{chapter.1}% 12
\BOOKMARK [2][-]{subsection.1.1.1}{Teori}{section.1.1}% 13
\BOOKMARK [2][-]{subsection.1.1.2}{Praktek}{section.1.1}% 14
\BOOKMARK [2][-]{subsection.1.1.3}{Penanganan Error}{section.1.1}% 15
\BOOKMARK [2][-]{subsection.1.1.4}{Bukti Tidak Plagiat}{section.1.1}% 16
\BOOKMARK [1][-]{section.1.2}{1174027 - Harun Ar - Rasyid}{chapter.1}% 17
\BOOKMARK [2][-]{subsection.1.2.1}{Teori}{section.1.2}% 18
\BOOKMARK [2][-]{subsection.1.2.2}{Praktek}{section.1.2}% 19
\BOOKMARK [2][-]{subsection.1.2.3}{Penanganan Error}{section.1.2}% 20
\BOOKMARK [2][-]{subsection.1.2.4}{Bukti Tidak Plagiat}{section.1.2}% 21
\BOOKMARK [1][-]{section.1.3}{1174031 - Muhammad Tomy Nur Maulidy}{chapter.1}% 22
\BOOKMARK [2][-]{subsection.1.3.1}{Teori}{section.1.3}% 23
\BOOKMARK [2][-]{subsection.1.3.2}{Praktek}{section.1.3}% 24
\BOOKMARK [2][-]{subsection.1.3.3}{Penanganan Error}{section.1.3}% 25
\BOOKMARK [2][-]{subsection.1.3.4}{Bukti Tidak Plagiat}{section.1.3}% 26
\BOOKMARK [1][-]{section.1.4}{1174003 - Dwi Septiani Tsaniyah}{chapter.1}% 27
\BOOKMARK [2][-]{subsection.1.4.1}{Teori}{section.1.4}% 28
\BOOKMARK [2][-]{subsection.1.4.2}{Praktek}{section.1.4}% 29
\BOOKMARK [2][-]{subsection.1.4.3}{Penanganan Error}{section.1.4}% 30
\BOOKMARK [2][-]{subsection.1.4.4}{Bukti Tidak Plagiat}{section.1.4}% 31
\BOOKMARK [1][-]{section.1.5}{1174051 - Evietania Charis Sujadi}{chapter.1}% 32
\BOOKMARK [2][-]{subsection.1.5.1}{Teori}{section.1.5}% 33
\BOOKMARK [2][-]{subsection.1.5.2}{Instalasi}{section.1.5}% 34
\BOOKMARK [2][-]{subsection.1.5.3}{Penanganan Error}{section.1.5}% 35
\BOOKMARK [2][-]{subsection.1.5.4}{Bukti Tidak Plagiat}{section.1.5}% 36
\BOOKMARK [1][-]{section.1.6}{1174021 - Muhammad Fahmi}{chapter.1}% 37
\BOOKMARK [2][-]{subsection.1.6.1}{Teori}{section.1.6}% 38
\BOOKMARK [2][-]{subsection.1.6.2}{Praktek}{section.1.6}% 39
\BOOKMARK [2][-]{subsection.1.6.3}{Penanganan Error}{section.1.6}% 40
\BOOKMARK [2][-]{subsection.1.6.4}{Bukti Tidak Plagiat}{section.1.6}% 41
\BOOKMARK [1][-]{section.1.7}{1174096 - Nico Ekklesia Sembiring}{chapter.1}% 42
\BOOKMARK [2][-]{subsection.1.7.1}{Teori}{section.1.7}% 43
\BOOKMARK [2][-]{subsection.1.7.2}{Praktek}{section.1.7}% 44
\BOOKMARK [2][-]{subsection.1.7.3}{Penanganan Error}{section.1.7}% 45
\BOOKMARK [2][-]{subsection.1.7.4}{Bukti Tidak Plagiat}{section.1.7}% 46
\BOOKMARK [1][-]{section.1.8}{1174012 - Damara Benedikta }{chapter.1}% 47
\BOOKMARK [2][-]{subsection.1.8.1}{Teori}{section.1.8}% 48
\BOOKMARK [2][-]{subsection.1.8.2}{Praktek}{section.1.8}% 49
\BOOKMARK [2][-]{subsection.1.8.3}{Penanganan Error}{section.1.8}% 50
\BOOKMARK [2][-]{subsection.1.8.4}{Bukti Tidak Plagiat}{section.1.8}% 51
\BOOKMARK [1][-]{section.1.9}{1174095 - Muhammad Dzihan Al-Bannai}{chapter.1}% 52
\BOOKMARK [2][-]{subsection.1.9.1}{Teori}{section.1.9}% 53
\BOOKMARK [2][-]{subsection.1.9.2}{Praktek}{section.1.9}% 54
\BOOKMARK [2][-]{subsection.1.9.3}{Penanganan Error}{section.1.9}% 55
\BOOKMARK [2][-]{subsection.1.9.4}{Bukti Tidak Plagiat}{section.1.9}% 56
\BOOKMARK [1][-]{section.1.10}{1174009 - Dwi Yulianingsih}{chapter.1}% 57
\BOOKMARK [2][-]{subsection.1.10.1}{Teori}{section.1.10}% 58
\BOOKMARK [2][-]{subsection.1.10.2}{Praktek}{section.1.10}% 59
\BOOKMARK [2][-]{subsection.1.10.3}{Penanganan Error}{section.1.10}% 60
\BOOKMARK [2][-]{subsection.1.10.4}{Bukti Tidak Plagiat}{section.1.10}% 61
\BOOKMARK [1][-]{section.1.11}{1174008 - Arjun Yuda Firwanda}{chapter.1}% 62
\BOOKMARK [2][-]{subsection.1.11.1}{Teori}{section.1.11}% 63
\BOOKMARK [2][-]{subsection.1.11.2}{Praktek}{section.1.11}% 64
\BOOKMARK [2][-]{subsection.1.11.3}{Penanganan Error}{section.1.11}% 65
\BOOKMARK [2][-]{subsection.1.11.4}{Bukti Tidak Plagiat}{section.1.11}% 66
\BOOKMARK [1][-]{section.1.12}{1174005 - Oniwaldus Bere Mali}{chapter.1}% 67
\BOOKMARK [2][-]{subsection.1.12.1}{Teori}{section.1.12}% 68
\BOOKMARK [2][-]{subsection.1.12.2}{Praktek}{section.1.12}% 69
\BOOKMARK [2][-]{subsection.1.12.3}{Penanganan Error}{section.1.12}% 70
\BOOKMARK [2][-]{subsection.1.12.4}{Bukti Tidak Plagiat}{section.1.12}% 71
\BOOKMARK [1][-]{section.1.13}{1174026- Felix Setiawan Lase}{chapter.1}% 72
\BOOKMARK [2][-]{subsection.1.13.1}{Teori}{section.1.13}% 73
\BOOKMARK [2][-]{subsection.1.13.2}{Praktek}{section.1.13}% 74
\BOOKMARK [2][-]{subsection.1.13.3}{Penanganan Error}{section.1.13}% 75
\BOOKMARK [2][-]{subsection.1.13.4}{Bukti Tidak Plagiat}{section.1.13}% 76
\BOOKMARK [1][-]{section.1.14}{1174004 - Choirulanam}{chapter.1}% 77
\BOOKMARK [2][-]{subsection.1.14.1}{Teori}{section.1.14}% 78
\BOOKMARK [2][-]{subsection.1.14.2}{Praktek}{section.1.14}% 79
\BOOKMARK [2][-]{subsection.1.14.3}{Penanganan Error}{section.1.14}% 80
\BOOKMARK [2][-]{subsection.1.14.4}{Bukti Tidak Plagiat}{section.1.14}% 81
\BOOKMARK [1][-]{section.1.15}{1164013 - Ikrima Ningrumsari Mulyana}{chapter.1}% 82
\BOOKMARK [2][-]{subsection.1.15.1}{Teori}{section.1.15}% 83
\BOOKMARK [2][-]{subsection.1.15.2}{Praktek}{section.1.15}% 84
\BOOKMARK [2][-]{subsection.1.15.3}{Penanganan Error}{section.1.15}% 85
\BOOKMARK [2][-]{subsection.1.15.4}{Bukti Tidak Plagiat}{section.1.15}% 86
\BOOKMARK [1][-]{section.1.16}{Sri Rahayu - 1174015}{chapter.1}% 87
\BOOKMARK [2][-]{subsection.1.16.1}{Pemahaman Teori}{section.1.16}% 88
\BOOKMARK [2][-]{subsection.1.16.2}{Intalasi}{section.1.16}% 89
\BOOKMARK [2][-]{subsection.1.16.3}{Penanganan Error}{section.1.16}% 90
\BOOKMARK [2][-]{subsection.1.16.4}{Bukti Tidak Melakukan Plagiat}{section.1.16}% 91
\BOOKMARK [2][-]{subsection.1.16.5}{Link Youtube}{section.1.16}% 92
\BOOKMARK [1][-]{section.1.17}{1174002 - Habib Abdul Rasyid}{chapter.1}% 93
\BOOKMARK [2][-]{subsection.1.17.1}{Teori}{section.1.17}% 94
\BOOKMARK [2][-]{subsection.1.17.2}{Praktek}{section.1.17}% 95
\BOOKMARK [2][-]{subsection.1.17.3}{Penanganan Error}{section.1.17}% 96
\BOOKMARK [2][-]{subsection.1.17.4}{Bukti Tidak Plagiat}{section.1.17}% 97
\BOOKMARK [0][-]{chapter.2}{Chapter 2}{}% 98
\BOOKMARK [1][-]{section.2.1}{1174006 - Kadek Diva Krishna Murti}{chapter.2}% 99
\BOOKMARK [2][-]{subsection.2.1.1}{Teori}{section.2.1}% 100
\BOOKMARK [2][-]{subsection.2.1.2}{Praktek}{section.2.1}% 101
\BOOKMARK [2][-]{subsection.2.1.3}{Penanganan Error}{section.2.1}% 102
\BOOKMARK [2][-]{subsection.2.1.4}{Bukti Tidak Plagiat}{section.2.1}% 103
\BOOKMARK [1][-]{section.2.2}{1174027 - Harun Ar - Rasyid}{chapter.2}% 104
\BOOKMARK [2][-]{subsection.2.2.1}{Teori}{section.2.2}% 105
\BOOKMARK [2][-]{subsection.2.2.2}{Praktek}{section.2.2}% 106
\BOOKMARK [2][-]{subsection.2.2.3}{Penanganan Error}{section.2.2}% 107
\BOOKMARK [2][-]{subsection.2.2.4}{Bukti Tidak Plagiat}{section.2.2}% 108
\BOOKMARK [1][-]{section.2.3}{1174012 - Damara Benedikta}{chapter.2}% 109
\BOOKMARK [2][-]{subsection.2.3.1}{Teori}{section.2.3}% 110
\BOOKMARK [2][-]{subsection.2.3.2}{Praktek}{section.2.3}% 111
\BOOKMARK [2][-]{subsection.2.3.3}{Penanganan Error}{section.2.3}% 112
\BOOKMARK [2][-]{subsection.2.3.4}{Bukti Tidak Plagiat}{section.2.3}% 113
\BOOKMARK [1][-]{section.2.4}{1174021 - Muhammad Fahmi}{chapter.2}% 114
\BOOKMARK [2][-]{subsection.2.4.1}{Teori}{section.2.4}% 115
\BOOKMARK [2][-]{subsection.2.4.2}{Praktek}{section.2.4}% 116
\BOOKMARK [2][-]{subsection.2.4.3}{Penanganan Error}{section.2.4}% 117
\BOOKMARK [2][-]{subsection.2.4.4}{Bukti Tidak Plagiat}{section.2.4}% 118
\BOOKMARK [1][-]{section.2.5}{1174031 - Muhammad Tomy Nur Maulidy}{chapter.2}% 119
\BOOKMARK [2][-]{subsection.2.5.1}{Teori}{section.2.5}% 120
\BOOKMARK [2][-]{subsection.2.5.2}{Praktek}{section.2.5}% 121
\BOOKMARK [2][-]{subsection.2.5.3}{Penanganan Error}{section.2.5}% 122
\BOOKMARK [2][-]{subsection.2.5.4}{Bukti Tidak Plagiat}{section.2.5}% 123
\BOOKMARK [1][-]{section.2.6}{1174051 - Evietania Charis Sujadi}{chapter.2}% 124
\BOOKMARK [2][-]{subsection.2.6.1}{Teori}{section.2.6}% 125
\BOOKMARK [2][-]{subsection.2.6.2}{Praktek}{section.2.6}% 126
\BOOKMARK [2][-]{subsection.2.6.3}{Penanganan Error}{section.2.6}% 127
\BOOKMARK [2][-]{subsection.2.6.4}{Bukti Tidak Plagiat}{section.2.6}% 128
\BOOKMARK [1][-]{section.2.7}{1174095 - Muhammad Dzihan Al-Banna}{chapter.2}% 129
\BOOKMARK [2][-]{subsection.2.7.1}{Teori}{section.2.7}% 130
\BOOKMARK [2][-]{subsection.2.7.2}{Praktek}{section.2.7}% 131
\BOOKMARK [2][-]{subsection.2.7.3}{Penanganan Error}{section.2.7}% 132
\BOOKMARK [2][-]{subsection.2.7.4}{Bukti Tidak Plagiat}{section.2.7}% 133
\BOOKMARK [1][-]{section.2.8}{1174026 - Felix Setiawan Lase}{chapter.2}% 134
\BOOKMARK [2][-]{subsection.2.8.1}{Teori}{section.2.8}% 135
\BOOKMARK [2][-]{subsection.2.8.2}{Praktek}{section.2.8}% 136
\BOOKMARK [2][-]{subsection.2.8.3}{Penanganan Error}{section.2.8}% 137
\BOOKMARK [2][-]{subsection.2.8.4}{Bukti Tidak Plagiat}{section.2.8}% 138
\BOOKMARK [0][-]{chapter.3}{Chapter 3}{}% 139
\BOOKMARK [1][-]{section.3.1}{1174006 - Kadek Diva Krishna Murti}{chapter.3}% 140
\BOOKMARK [2][-]{subsection.3.1.1}{Teori}{section.3.1}% 141
\BOOKMARK [2][-]{subsection.3.1.2}{Praktek}{section.3.1}% 142
\BOOKMARK [2][-]{subsection.3.1.3}{Penanganan Error}{section.3.1}% 143
\BOOKMARK [2][-]{subsection.3.1.4}{Bukti Tidak Plagiat}{section.3.1}% 144
\BOOKMARK [0][-]{chapter.4}{Chapter 4}{}% 145
\BOOKMARK [1][-]{section.4.1}{1174006 - Kadek Diva Krishna Murti}{chapter.4}% 146
\BOOKMARK [2][-]{subsection.4.1.1}{Teori}{section.4.1}% 147
\BOOKMARK [2][-]{subsection.4.1.2}{Praktek}{section.4.1}% 148
\BOOKMARK [2][-]{subsection.4.1.3}{Penanganan Error}{section.4.1}% 149
\BOOKMARK [2][-]{subsection.4.1.4}{Bukti Tidak Plagiat}{section.4.1}% 150
\BOOKMARK [0][-]{chapter.5}{Chapter 5}{}% 151
\BOOKMARK [1][-]{section.5.1}{1174006 - Kadek Diva Krishna Murti}{chapter.5}% 152
\BOOKMARK [2][-]{subsection.5.1.1}{Teori}{section.5.1}% 153
\BOOKMARK [2][-]{subsection.5.1.2}{Praktek}{section.5.1}% 154
\BOOKMARK [2][-]{subsection.5.1.3}{Penanganan Error}{section.5.1}% 155
\BOOKMARK [2][-]{subsection.5.1.4}{Bukti Tidak Plagiat}{section.5.1}% 156
\BOOKMARK [0][-]{chapter.6}{Chapter 6}{}% 157
\BOOKMARK [1][-]{section.6.1}{1174006 - Kadek Diva Krishna Murti}{chapter.6}% 158
\BOOKMARK [2][-]{subsection.6.1.1}{Teori}{section.6.1}% 159
\BOOKMARK [2][-]{subsection.6.1.2}{Praktek}{section.6.1}% 160
\BOOKMARK [2][-]{subsection.6.1.3}{Penanganan Error}{section.6.1}% 161
\BOOKMARK [2][-]{subsection.6.1.4}{Bukti Tidak Plagiat}{section.6.1}% 162
\BOOKMARK [0][-]{chapter.7}{Chapter 7}{}% 163
\BOOKMARK [1][-]{section.7.1}{1174006 - Kadek Diva Krishna Murti}{chapter.7}% 164
\BOOKMARK [2][-]{subsection.7.1.1}{Teori}{section.7.1}% 165
\BOOKMARK [2][-]{subsection.7.1.2}{Praktek}{section.7.1}% 166
\BOOKMARK [2][-]{subsection.7.1.3}{Penanganan Error}{section.7.1}% 167
\BOOKMARK [2][-]{subsection.7.1.4}{Bukti Tidak Plagiat}{section.7.1}% 168
