This is pdfTeX, Version 3.14159265-2.6-1.40.19 (MiKTeX 2.9.6630 64-bit) (preloaded format=pdflatex 2019.10.12)  15 APR 2020 09:57
entering extended mode
**./main.tex
(main.tex
LaTeX2e <2017-04-15>
Babel <3.18> and hyphenation patterns for 75 language(s) loaded.
(wileySix.cls


 Wiley Book Style, Design No.: SD 001C
 and SD 004B
 
 Written by Amy Hendrickson, TeXnology, Inc.
 
 This version is dated Feb 16, 2011


\phspace=\dimen102
\SpaceAboveChapterNumber=\dimen103
\savefootnotenumber=\count79
\ftnum=\count80
\saveftnum=\count81
\c@chapapp=\count82
\c@part=\count83
\c@chapter=\count84
\c@section=\count85
\c@subsection=\count86
\c@subsubsection=\count87
\c@paragraph=\count88
\c@subparagraph=\count89
\c@figure=\count90
\c@table=\count91
\abovecaptionskip=\skip41
\belowcaptionskip=\skip42
\partskip=\skip43
\tabandfigskip=\skip44
\footnum=\count92
\savefootnum=\count93
\@indexfile=\write3
\openout3 = `main.idx'.

Writing index file main.idx
\iletterskip=\skip45
\timing=\count94
\hourcount=\count95
\oldtime=\count96
\probcount=\count97
\subprobcount=\count98
\c@subproblem=\count99
\c@subproblem=\count100
\widthofcropmarks=\dimen104
\raisetopcropmarks=\dimen105
\raisebottomcropmarks=\dimen106
\movecropmarksright=\dimen107
\c@theorem=\count101
\c@appfootnote=\count102
\slugwidth=\dimen108
\slugheight=\dimen109
\slugdepth=\dimen110
\c@exampnum=\count103
\c@algo=\count104
\c@algorithm=\count105
\chapskip=\dimen111
\chapheight=\dimen112
\authorskip=\dimen113
)
("C:\Users\Damara\AppData\Local\Programs\MiKTeX 2.9\tex\latex\graphics\graphicx
.sty"
Package: graphicx 2017/06/01 v1.1a Enhanced LaTeX Graphics (DPC,SPQR)

("C:\Users\Damara\AppData\Local\Programs\MiKTeX 2.9\tex\latex\graphics\keyval.s
ty"
Package: keyval 2014/10/28 v1.15 key=value parser (DPC)
\KV@toks@=\toks14
)
("C:\Users\Damara\AppData\Local\Programs\MiKTeX 2.9\tex\latex\graphics\graphics
.sty"
Package: graphics 2017/06/25 v1.2c Standard LaTeX Graphics (DPC,SPQR)

("C:\Users\Damara\AppData\Local\Programs\MiKTeX 2.9\tex\latex\graphics\trig.sty
"
Package: trig 2016/01/03 v1.10 sin cos tan (DPC)
)
("C:\Users\Damara\AppData\Local\Programs\MiKTeX 2.9\tex\latex\graphics-cfg\grap
hics.cfg"
File: graphics.cfg 2016/06/04 v1.11 sample graphics configuration
)
Package graphics Info: Driver file: pdftex.def on input line 99.

("C:\Users\Damara\AppData\Local\Programs\MiKTeX 2.9\tex\latex\graphics-def\pdft
ex.def"
File: pdftex.def 2018/01/08 v1.0l Graphics/color driver for pdftex
))
\Gin@req@height=\dimen114
\Gin@req@width=\dimen115
)
("C:\Users\Damara\AppData\Local\Programs\MiKTeX 2.9\tex\latex\listings\listings
.sty"
\lst@mode=\count106
\lst@gtempboxa=\box26
\lst@token=\toks15
\lst@length=\count107
\lst@currlwidth=\dimen116
\lst@column=\count108
\lst@pos=\count109
\lst@lostspace=\dimen117
\lst@width=\dimen118
\lst@newlines=\count110
\lst@lineno=\count111
\lst@maxwidth=\dimen119

("C:\Users\Damara\AppData\Local\Programs\MiKTeX 2.9\tex\latex\listings\lstmisc.
sty"
File: lstmisc.sty 2019/09/10 1.8c (Carsten Heinz)
\c@lstnumber=\count112
\lst@skipnumbers=\count113
\lst@framebox=\box27
)
("C:\Users\Damara\AppData\Local\Programs\MiKTeX 2.9\tex\latex\listings\listings
.cfg"
File: listings.cfg 2019/09/10 1.8c listings configuration
))
Package: listings 2019/09/10 1.8c (Carsten Heinz)

("C:\Users\Damara\AppData\Local\Programs\MiKTeX 2.9\tex\latex\float\float.sty"
Package: float 2001/11/08 v1.3d Float enhancements (AL)
\c@float@type=\count114
\float@exts=\toks16
\float@box=\box28
\@float@everytoks=\toks17
\@floatcapt=\box29
)
("C:\Users\Damara\AppData\Local\Programs\MiKTeX 2.9\tex\latex\hyperref\hyperref
.sty"
Package: hyperref 2018/02/06 v6.86b Hypertext links for LaTeX

("C:\Users\Damara\AppData\Local\Programs\MiKTeX 2.9\tex\generic\oberdiek\hobsub
-hyperref.sty"
Package: hobsub-hyperref 2016/05/16 v1.14 Bundle oberdiek, subset hyperref (HO)


("C:\Users\Damara\AppData\Local\Programs\MiKTeX 2.9\tex\generic\oberdiek\hobsub
-generic.sty"
Package: hobsub-generic 2016/05/16 v1.14 Bundle oberdiek, subset generic (HO)
Package: hobsub 2016/05/16 v1.14 Construct package bundles (HO)
Package: infwarerr 2016/05/16 v1.4 Providing info/warning/error messages (HO)
Package: ltxcmds 2016/05/16 v1.23 LaTeX kernel commands for general use (HO)
Package: ifluatex 2016/05/16 v1.4 Provides the ifluatex switch (HO)
Package ifluatex Info: LuaTeX not detected.
Package: ifvtex 2016/05/16 v1.6 Detect VTeX and its facilities (HO)
Package ifvtex Info: VTeX not detected.
Package: intcalc 2016/05/16 v1.2 Expandable calculations with integers (HO)
Package: ifpdf 2017/03/15 v3.2 Provides the ifpdf switch
Package: etexcmds 2016/05/16 v1.6 Avoid name clashes with e-TeX commands (HO)
Package etexcmds Info: Could not find \expanded.
(etexcmds)             That can mean that you are not using pdfTeX 1.50 or
(etexcmds)             that some package has redefined \expanded.
(etexcmds)             In the latter case, load this package earlier.
Package: kvsetkeys 2016/05/16 v1.17 Key value parser (HO)
Package: kvdefinekeys 2016/05/16 v1.4 Define keys (HO)
Package: pdftexcmds 2018/01/21 v0.26 Utility functions of pdfTeX for LuaTeX (HO
)
Package pdftexcmds Info: LuaTeX not detected.
Package pdftexcmds Info: \pdf@primitive is available.
Package pdftexcmds Info: \pdf@ifprimitive is available.
Package pdftexcmds Info: \pdfdraftmode found.
Package: pdfescape 2016/05/16 v1.14 Implements pdfTeX's escape features (HO)
Package: bigintcalc 2016/05/16 v1.4 Expandable calculations on big integers (HO
)
Package: bitset 2016/05/16 v1.2 Handle bit-vector datatype (HO)
Package: uniquecounter 2016/05/16 v1.3 Provide unlimited unique counter (HO)
)
Package hobsub Info: Skipping package `hobsub' (already loaded).
Package: letltxmacro 2016/05/16 v1.5 Let assignment for LaTeX macros (HO)
Package: hopatch 2016/05/16 v1.3 Wrapper for package hooks (HO)
Package: xcolor-patch 2016/05/16 xcolor patch
Package: atveryend 2016/05/16 v1.9 Hooks at the very end of document (HO)
Package: atbegshi 2016/06/09 v1.18 At begin shipout hook (HO)
Package: refcount 2016/05/16 v3.5 Data extraction from label references (HO)
Package: hycolor 2016/05/16 v1.8 Color options for hyperref/bookmark (HO)
)
("C:\Users\Damara\AppData\Local\Programs\MiKTeX 2.9\tex\generic\ifxetex\ifxetex
.sty"
Package: ifxetex 2010/09/12 v0.6 Provides ifxetex conditional
)
("C:\Users\Damara\AppData\Local\Programs\MiKTeX 2.9\tex\latex\oberdiek\auxhook.
sty"
Package: auxhook 2016/05/16 v1.4 Hooks for auxiliary files (HO)


Package auxhook Warning: Cannot patch \document,
(auxhook)                using \AtBeginDocument instead.

)
("C:\Users\Damara\AppData\Local\Programs\MiKTeX 2.9\tex\latex\oberdiek\kvoption
s.sty"
Package: kvoptions 2016/05/16 v3.12 Key value format for package options (HO)
)
\@linkdim=\dimen120
\Hy@linkcounter=\count115
\Hy@pagecounter=\count116

("C:\Users\Damara\AppData\Local\Programs\MiKTeX 2.9\tex\latex\hyperref\pd1enc.d
ef"
File: pd1enc.def 2018/02/06 v6.86b Hyperref: PDFDocEncoding definition (HO)
)
\Hy@SavedSpaceFactor=\count117

("C:\Users\Damara\AppData\Local\Programs\MiKTeX 2.9\tex\latex\00miktex\hyperref
.cfg"
File: hyperref.cfg 2002/06/06 v1.2 hyperref configuration of TeXLive
)
Package hyperref Info: Option `colorlinks' set `true' on input line 4383.
Package hyperref Info: Hyper figures OFF on input line 4509.
Package hyperref Info: Link nesting OFF on input line 4514.
Package hyperref Info: Hyper index ON on input line 4517.
Package hyperref Info: Plain pages OFF on input line 4524.
Package hyperref Info: Backreferencing OFF on input line 4529.
Package hyperref Info: Implicit mode ON; LaTeX internals redefined.
Package hyperref Info: Bookmarks ON on input line 4762.
\c@Hy@tempcnt=\count118
 ("C:\Users\Damara\AppData\Local\Programs\MiKTeX 2.9\tex\latex\url\url.sty"
\Urlmuskip=\muskip10
Package: url 2013/09/16  ver 3.4  Verb mode for urls, etc.
)
LaTeX Info: Redefining \url on input line 5115.
\XeTeXLinkMargin=\dimen121
\Fld@menulength=\count119
\Field@Width=\dimen122
\Fld@charsize=\dimen123
Package hyperref Info: Hyper figures OFF on input line 6369.
Package hyperref Info: Link nesting OFF on input line 6374.
Package hyperref Info: Hyper index ON on input line 6377.
Package hyperref Info: backreferencing OFF on input line 6384.
Package hyperref Info: Link coloring ON on input line 6387.
Package hyperref Info: Link coloring with OCG OFF on input line 6394.
Package hyperref Info: PDF/A mode OFF on input line 6399.
LaTeX Info: Redefining \ref on input line 6439.
LaTeX Info: Redefining \pageref on input line 6443.
\Hy@abspage=\count120
\c@Item=\count121
\c@Hfootnote=\count122
)
Package hyperref Info: Driver (autodetected): hpdftex.

("C:\Users\Damara\AppData\Local\Programs\MiKTeX 2.9\tex\latex\hyperref\hpdftex.
def"
File: hpdftex.def 2018/02/06 v6.86b Hyperref driver for pdfTeX
\Fld@listcount=\count123
\c@bookmark@seq@number=\count124

("C:\Users\Damara\AppData\Local\Programs\MiKTeX 2.9\tex\latex\oberdiek\rerunfil
echeck.sty"
Package: rerunfilecheck 2016/05/16 v1.8 Rerun checks for auxiliary files (HO)
Package uniquecounter Info: New unique counter `rerunfilecheck' on input line 2
82.
)
\Hy@SectionHShift=\skip46
)
("C:\Users\Damara\AppData\Local\Programs\MiKTeX 2.9\tex\latex\base\textcomp.sty
"
Package: textcomp 2017/04/05 v2.0i Standard LaTeX package
Package textcomp Info: Sub-encoding information:
(textcomp)               5 = only ISO-Adobe without \textcurrency
(textcomp)               4 = 5 + \texteuro
(textcomp)               3 = 4 + \textohm
(textcomp)               2 = 3 + \textestimated + \textcurrency
(textcomp)               1 = TS1 - \textcircled - \t
(textcomp)               0 = TS1 (full)
(textcomp)             Font families with sub-encoding setting implement
(textcomp)             only a restricted character set as indicated.
(textcomp)             Family '?' is the default used for unknown fonts.
(textcomp)             See the documentation for details.
Package textcomp Info: Setting ? sub-encoding to TS1/1 on input line 79.
 ("C:\Users\Damara\AppData\Local\Programs\MiKTeX 2.9\tex\latex\base\ts1enc.def"
File: ts1enc.def 2001/06/05 v3.0e (jk/car/fm) Standard LaTeX file
)
LaTeX Info: Redefining \oldstylenums on input line 334.
Package textcomp Info: Setting cmr sub-encoding to TS1/0 on input line 349.
Package textcomp Info: Setting cmss sub-encoding to TS1/0 on input line 350.
Package textcomp Info: Setting cmtt sub-encoding to TS1/0 on input line 351.
Package textcomp Info: Setting cmvtt sub-encoding to TS1/0 on input line 352.
Package textcomp Info: Setting cmbr sub-encoding to TS1/0 on input line 353.
Package textcomp Info: Setting cmtl sub-encoding to TS1/0 on input line 354.
Package textcomp Info: Setting ccr sub-encoding to TS1/0 on input line 355.
Package textcomp Info: Setting ptm sub-encoding to TS1/4 on input line 356.
Package textcomp Info: Setting pcr sub-encoding to TS1/4 on input line 357.
Package textcomp Info: Setting phv sub-encoding to TS1/4 on input line 358.
Package textcomp Info: Setting ppl sub-encoding to TS1/3 on input line 359.
Package textcomp Info: Setting pag sub-encoding to TS1/4 on input line 360.
Package textcomp Info: Setting pbk sub-encoding to TS1/4 on input line 361.
Package textcomp Info: Setting pnc sub-encoding to TS1/4 on input line 362.
Package textcomp Info: Setting pzc sub-encoding to TS1/4 on input line 363.
Package textcomp Info: Setting bch sub-encoding to TS1/4 on input line 364.
Package textcomp Info: Setting put sub-encoding to TS1/5 on input line 365.
Package textcomp Info: Setting uag sub-encoding to TS1/5 on input line 366.
Package textcomp Info: Setting ugq sub-encoding to TS1/5 on input line 367.
Package textcomp Info: Setting ul8 sub-encoding to TS1/4 on input line 368.
Package textcomp Info: Setting ul9 sub-encoding to TS1/4 on input line 369.
Package textcomp Info: Setting augie sub-encoding to TS1/5 on input line 370.
Package textcomp Info: Setting dayrom sub-encoding to TS1/3 on input line 371.
Package textcomp Info: Setting dayroms sub-encoding to TS1/3 on input line 372.

Package textcomp Info: Setting pxr sub-encoding to TS1/0 on input line 373.
Package textcomp Info: Setting pxss sub-encoding to TS1/0 on input line 374.
Package textcomp Info: Setting pxtt sub-encoding to TS1/0 on input line 375.
Package textcomp Info: Setting txr sub-encoding to TS1/0 on input line 376.
Package textcomp Info: Setting txss sub-encoding to TS1/0 on input line 377.
Package textcomp Info: Setting txtt sub-encoding to TS1/0 on input line 378.
Package textcomp Info: Setting lmr sub-encoding to TS1/0 on input line 379.
Package textcomp Info: Setting lmdh sub-encoding to TS1/0 on input line 380.
Package textcomp Info: Setting lmss sub-encoding to TS1/0 on input line 381.
Package textcomp Info: Setting lmssq sub-encoding to TS1/0 on input line 382.
Package textcomp Info: Setting lmvtt sub-encoding to TS1/0 on input line 383.
Package textcomp Info: Setting lmtt sub-encoding to TS1/0 on input line 384.
Package textcomp Info: Setting qhv sub-encoding to TS1/0 on input line 385.
Package textcomp Info: Setting qag sub-encoding to TS1/0 on input line 386.
Package textcomp Info: Setting qbk sub-encoding to TS1/0 on input line 387.
Package textcomp Info: Setting qcr sub-encoding to TS1/0 on input line 388.
Package textcomp Info: Setting qcs sub-encoding to TS1/0 on input line 389.
Package textcomp Info: Setting qpl sub-encoding to TS1/0 on input line 390.
Package textcomp Info: Setting qtm sub-encoding to TS1/0 on input line 391.
Package textcomp Info: Setting qzc sub-encoding to TS1/0 on input line 392.
Package textcomp Info: Setting qhvc sub-encoding to TS1/0 on input line 393.
Package textcomp Info: Setting futs sub-encoding to TS1/4 on input line 394.
Package textcomp Info: Setting futx sub-encoding to TS1/4 on input line 395.
Package textcomp Info: Setting futj sub-encoding to TS1/4 on input line 396.
Package textcomp Info: Setting hlh sub-encoding to TS1/3 on input line 397.
Package textcomp Info: Setting hls sub-encoding to TS1/3 on input line 398.
Package textcomp Info: Setting hlst sub-encoding to TS1/3 on input line 399.
Package textcomp Info: Setting hlct sub-encoding to TS1/5 on input line 400.
Package textcomp Info: Setting hlx sub-encoding to TS1/5 on input line 401.
Package textcomp Info: Setting hlce sub-encoding to TS1/5 on input line 402.
Package textcomp Info: Setting hlcn sub-encoding to TS1/5 on input line 403.
Package textcomp Info: Setting hlcw sub-encoding to TS1/5 on input line 404.
Package textcomp Info: Setting hlcf sub-encoding to TS1/5 on input line 405.
Package textcomp Info: Setting pplx sub-encoding to TS1/3 on input line 406.
Package textcomp Info: Setting pplj sub-encoding to TS1/3 on input line 407.
Package textcomp Info: Setting ptmx sub-encoding to TS1/4 on input line 408.
Package textcomp Info: Setting ptmj sub-encoding to TS1/4 on input line 409.
)
("C:\Users\Damara\AppData\Local\Programs\MiKTeX 2.9\tex\latex\was\gensymb.sty"
Package: gensymb 2003/07/02 v1.0 (WaS)
)
("C:\Users\Damara\AppData\Local\Programs\MiKTeX 2.9\tex\latex\graphics\color.st
y"
Package: color 2016/07/10 v1.1e Standard LaTeX Color (DPC)

("C:\Users\Damara\AppData\Local\Programs\MiKTeX 2.9\tex\latex\graphics-cfg\colo
r.cfg"
File: color.cfg 2016/01/02 v1.6 sample color configuration
)
Package color Info: Driver file: pdftex.def on input line 147.
)
("C:\Users\Damara\AppData\Local\Programs\MiKTeX 2.9\tex\latex\listings\lstlang1
.sty"
File: lstlang1.sty 2019/09/10 1.8c listings language file
) (w-bookps.sty


 Using PostScript Fonts

 Wiley Monograph/Edited Book Style
 Feb 16, 2012

 
)
\sectsavebox=\box30
LaTeX Font Info:    External font `cmex10' loaded for size
(Font)              <7> on input line 126.
LaTeX Font Info:    External font `cmex10' loaded for size
(Font)              <5> on input line 126.
 (main.aux)
\openout1 = `main.aux'.

LaTeX Font Info:    Checking defaults for OML/cmm/m/it on input line 131.
LaTeX Font Info:    ... okay on input line 131.
LaTeX Font Info:    Checking defaults for T1/cmr/m/n on input line 131.
LaTeX Font Info:    ... okay on input line 131.
LaTeX Font Info:    Checking defaults for OT1/cmr/m/n on input line 131.
LaTeX Font Info:    ... okay on input line 131.
LaTeX Font Info:    Checking defaults for OMS/cmsy/m/n on input line 131.
LaTeX Font Info:    ... okay on input line 131.
LaTeX Font Info:    Checking defaults for OMX/cmex/m/n on input line 131.
LaTeX Font Info:    ... okay on input line 131.
LaTeX Font Info:    Checking defaults for U/cmr/m/n on input line 131.
LaTeX Font Info:    ... okay on input line 131.
LaTeX Font Info:    Checking defaults for PD1/pdf/m/n on input line 131.
LaTeX Font Info:    ... okay on input line 131.
LaTeX Font Info:    Checking defaults for TS1/cmr/m/n on input line 131.
LaTeX Font Info:    Try loading font information for TS1+cmr on input line 131.


("C:\Users\Damara\AppData\Local\Programs\MiKTeX 2.9\tex\latex\base\ts1cmr.fd"
File: ts1cmr.fd 2014/09/29 v2.5h Standard LaTeX font definitions
)
LaTeX Font Info:    ... okay on input line 131.
LaTeX Font Info:    Try loading font information for OT1+ptm on input line 131.


("C:\Users\Damara\AppData\Local\Programs\MiKTeX 2.9\tex\latex\psnfss\ot1ptm.fd"
File: ot1ptm.fd 2001/06/04 font definitions for OT1/ptm.
)
("C:\Users\Damara\AppData\Local\Programs\MiKTeX 2.9\tex\context\base\mkii\supp-
pdf.mkii"
[Loading MPS to PDF converter (version 2006.09.02).]
\scratchcounter=\count125
\scratchdimen=\dimen124
\scratchbox=\box31
\nofMPsegments=\count126
\nofMParguments=\count127
\everyMPshowfont=\toks18
\MPscratchCnt=\count128
\MPscratchDim=\dimen125
\MPnumerator=\count129
\makeMPintoPDFobject=\count130
\everyMPtoPDFconversion=\toks19
)
("C:\Users\Damara\AppData\Local\Programs\MiKTeX 2.9\tex\latex\oberdiek\epstopdf
-base.sty"
Package: epstopdf-base 2016/05/15 v2.6 Base part for package epstopdf

("C:\Users\Damara\AppData\Local\Programs\MiKTeX 2.9\tex\latex\oberdiek\grfext.s
ty"
Package: grfext 2016/05/16 v1.2 Manage graphics extensions (HO)
)
Package epstopdf-base Info: Redefining graphics rule for `.eps' on input line 4
38.
Package grfext Info: Graphics extension search list:
(grfext)             [.pdf,.png,.jpg,.mps,.jpeg,.jbig2,.jb2,.PDF,.PNG,.JPG,.JPE
G,.JBIG2,.JB2,.eps]
(grfext)             \AppendGraphicsExtensions on input line 456.
)
\c@lstlisting=\count131
\AtBeginShipoutBox=\box32
Package hyperref Info: Link coloring ON on input line 131.

("C:\Users\Damara\AppData\Local\Programs\MiKTeX 2.9\tex\latex\hyperref\nameref.
sty"
Package: nameref 2016/05/21 v2.44 Cross-referencing by name of section

("C:\Users\Damara\AppData\Local\Programs\MiKTeX 2.9\tex\generic\oberdiek\gettit
lestring.sty"
Package: gettitlestring 2016/05/16 v1.5 Cleanup title references (HO)
)
\c@section@level=\count132
)
LaTeX Info: Redefining \ref on input line 131.
LaTeX Info: Redefining \pageref on input line 131.
LaTeX Info: Redefining \nameref on input line 131.
 (main.out) (main.out)
\@outlinefile=\write4
\openout4 = `main.out'.

\symgns@font=\mathgroup4
LaTeX Font Info:    Overwriting symbol font `gns@font' in version `bold'
(Font)                  TS1/ptm/m/n --> TS1/ptm/bx/n on input line 131.
Package gensymb Info: Math companion symbols declared on input line 131.
LaTeX Info: Redefining \degree on input line 131.
LaTeX Info: Redefining \celsius on input line 131.
Package gensymb Info: Using text companion symbols for \degree, \celsius and \p
erthousand on input line 131.
LaTeX Info: Redefining \ohm on input line 131.
Package gensymb Info: Using \textohm for \ohm on input line 131.
Package gensymb Info: Using \textmu for \micro on input line 131.
LaTeX Font Info:    Font shape `OT1/ptm/bx/n' in size <17.28> not available
(Font)              Font shape `OT1/ptm/b/n' tried instead on input line 150.
 [1{C:/Users/Damara/AppData/Local/MiKTeX/2.9/pdftex/config/pdftex.map}] [2]
LaTeX Font Info:    Font shape `OT1/ptm/bx/n' in size <24.88> not available
(Font)              Font shape `OT1/ptm/b/n' tried instead on input line 152.
<kreatiflogo.png, id=13, 437.635pt x 207.77625pt>
File: kreatiflogo.png Graphic file (type png)
<use kreatiflogo.png>
Package pdftex.def Info: kreatiflogo.png  used on input line 152.
(pdftex.def)             Requested size: 122.85876pt x 58.32912pt.
 [3 <./kreatiflogo.png>]
(info/copyrightpage.tex)
Underfull \hbox (badness 10000) in paragraph at lines 157--157

 []


Underfull \hbox (badness 10000) in paragraph at lines 157--157

 []


Underfull \hbox (badness 10000) in paragraph at lines 157--157

 []


Underfull \hbox (badness 10000) in paragraph at lines 157--157

 []

[4] [5

]
LaTeX Font Info:    Font shape `OT1/ptm/bx/n' in size <14.4> not available
(Font)              Font shape `OT1/ptm/b/n' tried instead on input line 163.
 (info/contributors.tex)pdfTeX warning (ext4): destination with the same identi
fier (name{page.v}) has been already used, duplicate ignored
<to be read again> 
                   \relax 
l.165 \end{contributors}
                         [5] [6

] (main.toc) [7] [8

]

Package hyperref Warning: old toc file detected, not used; run LaTeX again.

\tf@toc=\write5
\openout5 = `main.toc'.

[9] [10

]

Package hyperref Warning: bookmark level for unknown schapter defaults to 0.

(info/foreword.tex) [11] [12

] (info/preface.tex) [13] [14

]
(info/acknowledgments.tex [15]) [16

] (info/acronyms.tex)
LaTeX Font Info:    Try loading font information for TS1+ptm on input line 189.


("C:\Users\Damara\AppData\Local\Programs\MiKTeX 2.9\tex\latex\psnfss\ts1ptm.fd"
File: ts1ptm.fd 2001/06/04 font definitions for TS1/ptm.
) [17] [18

] (info/glossary.tex) [19] [20

] (info/symbols.tex) [21] [22

]
(info/introduction.tex

Package hyperref Warning: bookmark level for unknown ichapter defaults to 0.

LaTeX Font Info:    Font shape `OT1/ptm/bx/n' in size <10> not available
(Font)              Font shape `OT1/ptm/b/n' tried instead on input line 13.

LaTeX Warning: Citation `awangga2018sampeu' on page xxiii undefined on input li
ne 13.

) [23] [24

]
Bab 1.
LaTeX Font Info:    External font `cmex10' loaded for size
(Font)              <14.4> on input line 205.
[1] [2

]
Bab 2.
[3] [4

]
Bab 3.
[5] [6

]
Bab 4.
[7] [8

]
Bab 5.
[9] [10

]
Bab 6.
(chapters/chapter6/1174012.tex
LaTeX Font Info:    Font shape `OT1/ptm/bx/n' in size <12> not available
(Font)              Font shape `OT1/ptm/b/n' tried instead on input line 1.

Overfull \hbox (3.05655pt too wide) in paragraph at lines 7--9
[]\OT1/ptm/m/n/10 Karena MFC-Cdi-gu-nakan un-tuk mengi-den-ti-fikasi je-nis sua
ra mis-alkan je-nis suara
 []

<figures/1174012/chapter6/1,1.jpg, id=179, 325.215pt x 155.58125pt>
File: figures/1174012/chapter6/1,1.jpg Graphic file (type jpg)
<use figures/1174012/chapter6/1,1.jpg>
Package pdftex.def Info: figures/1174012/chapter6/1,1.jpg  used on input line 1
2.
(pdftex.def)             Requested size: 162.6071pt x 77.79042pt.

Overfull \hbox (6.56676pt too wide) in paragraph at lines 19--22
\OT1/ptm/m/n/10 sia yang mampu mem-berikan stim-u-lasi/rangsan-gan, melakukan p
roses, dan mem-
 []

<figures/1174012/chapter6/1,2.png, id=180, 238.8925pt x 212.795pt>
File: figures/1174012/chapter6/1,2.png Graphic file (type png)
<use figures/1174012/chapter6/1,2.png>
Package pdftex.def Info: figures/1174012/chapter6/1,2.png  used on input line 2
5.
(pdftex.def)             Requested size: 119.44595pt x 106.39723pt.

Underfull \vbox (badness 3312) has occurred while \output is active []

 [11]
<figures/1174012/chapter6/1,3.PNG, id=190, 304.88907pt x 204.01219pt>
File: figures/1174012/chapter6/1,3.PNG Graphic file (type png)
<use figures/1174012/chapter6/1,3.PNG>
Package pdftex.def Info: figures/1174012/chapter6/1,3.PNG  used on input line 3
8.
(pdftex.def)             Requested size: 152.44415pt x 102.00584pt.

Overfull \hbox (4.16724pt too wide) in paragraph at lines 44--46
\OT1/ptm/m/n/10 work in-putan terse-but di-ma-sukan kepada fungsi pada mesin se
-hingga di hasilkan-
 []

<figures/1174012/chapter6/1,4.PNG, id=191, 348.55219pt x 245.41687pt>
File: figures/1174012/chapter6/1,4.PNG Graphic file (type png)
<use figures/1174012/chapter6/1,4.PNG>
Package pdftex.def Info: figures/1174012/chapter6/1,4.PNG  used on input line 4
9.
(pdftex.def)             Requested size: 174.27565pt x 122.70813pt.

Underfull \vbox (badness 1132) has occurred while \output is active []


Overfull \vbox (6.372pt too high) has occurred while \output is active []


Underfull \hbox (badness 10000) has occurred while \output is active
[]
 []

[12 <./figures/1174012/chapter6/1,1.jpg> <./figures/1174012/chapter6/1,2.png> <
./figures/1174012/chapter6/1,3.PNG>]
<figures/1174012/chapter6/1,5.PNG, id=204, 281.55188pt x 118.94438pt>
File: figures/1174012/chapter6/1,5.PNG Graphic file (type png)
<use figures/1174012/chapter6/1,5.PNG>
Package pdftex.def Info: figures/1174012/chapter6/1,5.PNG  used on input line 6
2.
(pdftex.def)             Requested size: 140.77559pt x 59.47203pt.
<figures/1174012/chapter6/1,6.PNG, id=205, 297.36093pt x 127.97812pt>
File: figures/1174012/chapter6/1,6.PNG Graphic file (type png)
<use figures/1174012/chapter6/1,6.PNG>
Package pdftex.def Info: figures/1174012/chapter6/1,6.PNG  used on input line 7
3.
(pdftex.def)             Requested size: 148.6801pt x 63.98889pt.
<figures/1174012/chapter6/1,7,1.PNG, id=206, 356.83313pt x 91.84312pt>
File: figures/1174012/chapter6/1,7,1.PNG Graphic file (type png)
<use figures/1174012/chapter6/1,7,1.PNG>
Package pdftex.def Info: figures/1174012/chapter6/1,7,1.PNG  used on input line
 84.
(pdftex.def)             Requested size: 178.41612pt x 45.92143pt.
<figures/1174012/chapter6/1,7,2.PNG, id=207, 348.55219pt x 100.87688pt>
File: figures/1174012/chapter6/1,7,2.PNG Graphic file (type png)
<use figures/1174012/chapter6/1,7,2.PNG>
Package pdftex.def Info: figures/1174012/chapter6/1,7,2.PNG  used on input line
 91.
(pdftex.def)             Requested size: 174.27565pt x 50.43831pt.

Overfull \vbox (6.372pt too high) has occurred while \output is active []


Underfull \hbox (badness 10000) has occurred while \output is active
[]
 []

[13 <./figures/1174012/chapter6/1,4.PNG> <./figures/1174012/chapter6/1,5.PNG>]
<figures/1174012/chapter6/1,8.PNG, id=219, 243.91125pt x 37.64063pt>
File: figures/1174012/chapter6/1,8.PNG Graphic file (type png)
<use figures/1174012/chapter6/1,8.PNG>
Package pdftex.def Info: figures/1174012/chapter6/1,8.PNG  used on input line 1
02.
(pdftex.def)             Requested size: 121.95532pt x 18.82025pt.

Overfull \hbox (4.0478pt too wide) in paragraph at lines 111--111
\OT1/ptm/m/n/10 kode pro-gram pro-gram un-tuk meload data terse-but un-tuk di-g
u-nakan pada MFCC.
 []


Overfull \vbox (6.372pt too high) has occurred while \output is active []


Underfull \hbox (badness 10000) has occurred while \output is active
[]
 []

[14 <./figures/1174012/chapter6/1,6.PNG> <./figures/1174012/chapter6/1,7,1.PNG>
 <./figures/1174012/chapter6/1,7,2.PNG> <./figures/1174012/chapter6/1,8.PNG>]
(src/1174012/chapter6/2,1.py) (src/1174012/chapter6/2,2.py
Overfull \vbox (6.372pt too high) has occurred while \output is active []

 [15])

LaTeX Warning: Reference `c122' on page 16 undefined on input line 125.

<figures/1174012/chapter6/2,2.JPG, id=271, 764.8575pt x 363.60844pt>
File: figures/1174012/chapter6/2,2.JPG Graphic file (type jpg)
<use figures/1174012/chapter6/2,2.JPG>
Package pdftex.def Info: figures/1174012/chapter6/2,2.JPG  used on input line 1
28.
(pdftex.def)             Requested size: 382.42781pt x 181.80377pt.

Overfull \hbox (46.42781pt too wide) in paragraph at lines 128--129
 [][] 
 []


Overfull \hbox (7.63792pt too wide) in paragraph at lines 125--132
\OT1/ptm/m/n/10 glom-bang suara dari file 266093[][]stereo-surgeon[][]kick-loop
-5.wav meng-gu-nakan
 []


Overfull \hbox (4.76697pt too wide) in paragraph at lines 135--136
[]\OT1/ptm/m/n/10 Jelaskan per-baris den-gan kata-kata dan dilengkapi den-gan i
lus-trasi gam-bar fungsi
 []

(src/1174012/chapter6/2,3.py
LaTeX Font Info:    External font `cmex10' loaded for size
(Font)              <8> on input line 4.
LaTeX Font Info:    External font `cmex10' loaded for size
(Font)              <6> on input line 4.

Overfull \vbox (6.372pt too high) has occurred while \output is active []

 [16 <./figures/1174012/chapter6/2,2.JPG>]) (src/1174012/chapter6/2,4.py)
Overfull \vbox (6.372pt too high) has occurred while \output is active []


Underfull \hbox (badness 10000) has occurred while \output is active
[]
 []

[17] (src/1174012/chapter6/2,5.py)
<figures/1174012/chapter6/2,5.JPG, id=323, 406.51875pt x 263.48438pt>
File: figures/1174012/chapter6/2,5.JPG Graphic file (type jpg)
<use figures/1174012/chapter6/2,5.JPG>
Package pdftex.def Info: figures/1174012/chapter6/2,5.JPG  used on input line 1
53.
(pdftex.def)             Requested size: 203.25887pt x 131.74185pt.
 (src/1174012/chapter6/2,6.py)
(src/1174012/chapter6/2,7.py
Overfull \vbox (6.372pt too high) has occurred while \output is active []

 [18 <./figures/1174012/chapter6/2,5.JPG>]) (src/1174012/chapter6/2,8.py)
<figures/1174012/chapter6/2,8.JPG, id=342, 517.18219pt x 304.88907pt>
File: figures/1174012/chapter6/2,8.JPG Graphic file (type jpg)
<use figures/1174012/chapter6/2,8.JPG>
Package pdftex.def Info: figures/1174012/chapter6/2,8.JPG  used on input line 1
74.
(pdftex.def)             Requested size: 258.59045pt x 152.44415pt.

Overfull \hbox (4.38719pt too wide) in paragraph at lines 180--181
\OT1/ptm/m/n/10 kega-galan atau loss data darise-tiap file terse-but caranya de
n-gan melakukan codin-
 []


Overfull \hbox (4.46791pt too wide) in paragraph at lines 180--181
\OT1/ptm/m/n/10 gan berikut. pada gam-bar terse-but me-nun-jukan 10 pen-go-la-h
an data un-tuk menen-
 []

(src/1174012/chapter6/2,9.py)
<figures/1174012/chapter6/2,9.JPG, id=343, 749.04843pt x 366.61969pt>
File: figures/1174012/chapter6/2,9.JPG Graphic file (type jpg)
<use figures/1174012/chapter6/2,9.JPG>
Package pdftex.def Info: figures/1174012/chapter6/2,9.JPG  used on input line 1
84.
(pdftex.def)             Requested size: 374.5233pt x 183.30939pt.

Overfull \hbox (38.5233pt too wide) in paragraph at lines 184--185
 [][] 
 []


Overfull \vbox (6.372pt too high) has occurred while \output is active []


Underfull \hbox (badness 10000) has occurred while \output is active
[]
 []

[19 <./figures/1174012/chapter6/2,8.JPG>] (src/1174012/chapter6/2,10.py)
<figures/1174012/chapter6/2,10.JPG, id=366, 361.35pt x 144.54pt>
File: figures/1174012/chapter6/2,10.JPG Graphic file (type jpg)
<use figures/1174012/chapter6/2,10.JPG>
Package pdftex.def Info: figures/1174012/chapter6/2,10.JPG  used on input line 
194.
(pdftex.def)             Requested size: 180.67456pt x 72.2698pt.

Overfull \vbox (6.372pt too high) has occurred while \output is active []


Underfull \hbox (badness 10000) has occurred while \output is active
[]
 []

[20 <./figures/1174012/chapter6/2,9.JPG> <./figures/1174012/chapter6/2,10.JPG>]
(src/1174012/chapter6/2,11.py)
<figures/1174012/chapter6/2,11.JPG, id=381, 366.61969pt x 112.92188pt>
File: figures/1174012/chapter6/2,11.JPG Graphic file (type jpg)
<use figures/1174012/chapter6/2,11.JPG>
Package pdftex.def Info: figures/1174012/chapter6/2,11.JPG  used on input line 
204.
(pdftex.def)             Requested size: 183.30939pt x 56.46078pt.
)
Overfull \vbox (6.372pt too high) has occurred while \output is active []


Underfull \hbox (badness 10000) has occurred while \output is active
[]
 []

[21 <./figures/1174012/chapter6/2,11.JPG>] [22

]
Bab 7.
(chapters/chapter7/1174027.tex
<figures/1174027/7/1.png, id=394, 545.78906pt x 163.3603pt>
File: figures/1174027/7/1.png Graphic file (type png)
<use figures/1174027/7/1.png>
Package pdftex.def Info: figures/1174027/7/1.png  used on input line 7.
(pdftex.def)             Requested size: 113.81102pt x 34.06488pt.

Underfull \hbox (badness 10000) in paragraph at lines 4--10

 []


LaTeX Warning: Reference `lst:7.0' on page 23 undefined on input line 11.


Underfull \hbox (badness 10000) in paragraph at lines 11--13

 []

[23 <./figures/1174027/7/1.png>]
<figures/1174027/7/2.png, id=408, 319.94531pt x 241.65282pt>
File: figures/1174027/7/2.png Graphic file (type png)
<use figures/1174027/7/2.png>
Package pdftex.def Info: figures/1174027/7/2.png  used on input line 19.
(pdftex.def)             Requested size: 113.81102pt x 85.9625pt.
<figures/1174027/7/3.png, id=409, 533.74406pt x 194.97844pt>
File: figures/1174027/7/3.png Graphic file (type png)
<use figures/1174027/7/3.png>
Package pdftex.def Info: figures/1174027/7/3.png  used on input line 27.
(pdftex.def)             Requested size: 113.81102pt x 41.57442pt.
Missing character: There is no Ô in font ptmr7t!
Missing character: There is no ¨ in font ptmr7t!
Missing character: There is no Å in font ptmr7t!
<figures/1174027/7/4.png, id=410, 473.51906pt x 91.84312pt>
File: figures/1174027/7/4.png Graphic file (type png)
<use figures/1174027/7/4.png>
Package pdftex.def Info: figures/1174027/7/4.png  used on input line 35.
(pdftex.def)             Requested size: 113.81102pt x 22.07362pt.

Overfull \hbox (27.06688pt too wide) in paragraph at lines 31--38
[]\OT1/ptm/m/n/10 Jelaskan apa mak-sud-nya kode pro-gram \OT1/ptm/m/it/10 train
[]content = d['CONTENT'].iloc[train[]idx]
 []


Overfull \vbox (6.372pt too high) has occurred while \output is active []


Underfull \hbox (badness 10000) has occurred while \output is active
[]
 []

[24 <./figures/1174027/7/2.png> <./figures/1174027/7/3.png> <./figures/1174027/
7/4.png>]
<figures/1174027/7/5.png, id=426, 505.89pt x 128.73094pt>
File: figures/1174027/7/5.png Graphic file (type png)
<use figures/1174027/7/5.png>
Package pdftex.def Info: figures/1174027/7/5.png  used on input line 45.
(pdftex.def)             Requested size: 113.81102pt x 28.95927pt.
<figures/1174027/7/6.png, id=427, 531.48563pt x 179.16937pt>
File: figures/1174027/7/6.png Graphic file (type png)
<use figures/1174027/7/6.png>
Package pdftex.def Info: figures/1174027/7/6.png  used on input line 53.
(pdftex.def)             Requested size: 113.81102pt x 38.36482pt.

Overfull \hbox (34.75618pt too wide) in paragraph at lines 49--56
[]\OT1/ptm/m/n/10 Jelaskan apa mak-sud dari fungsi \OT1/ptm/m/it/10 d[]train[]i
nputs = to-k-enizer.texts[]to[]matrix(train[]content,
 []


Overfull \hbox (26.9362pt too wide) in paragraph at lines 49--56
\OT1/ptm/m/it/10 mode='tfidf') \OT1/ptm/m/n/10 dan \OT1/ptm/m/it/10 d[]test[]in
puts = to-k-enizer.texts[]to[]matrix(test[]content, mode='tfidf')\OT1/ptm/m/n/1
0 ,
 []


Overfull \hbox (87.96645pt too wide) in paragraph at lines 57--60
[]\OT1/ptm/m/n/10 Jelaskan apa mak-sud dari fungsi \OT1/ptm/m/it/10 d[]train[]i
nputs = d[]train[]inputs/np.amax(np.absolute(d[]train[]inputs))
 []


Overfull \hbox (5.89676pt too wide) in paragraph at lines 57--60
\OT1/ptm/m/n/10 dan \OT1/ptm/m/it/10 d[]test[]inputs = d[]test[]inputs/np.amax(
np.absolute(d[]test[]inputs))\OT1/ptm/m/n/10 , dilengkapi
 []


Overfull \hbox (89.1158pt too wide) in paragraph at lines 60--63
[]\OT1/ptm/m/n/10 Jelaskan apa mak-sud fungsi dari \OT1/ptm/m/it/10 d[]train[]o
utputs = np[]utils.to[]categorical(d['CLASS'].iloc[train[]idx])
 []


LaTeX Warning: Reference `lst:7.1' on page 25 undefined on input line 63.


Underfull \hbox (badness 10000) in paragraph at lines 63--65

 []


Overfull \vbox (6.372pt too high) has occurred while \output is active []

 [25 <./figures/1174027/7/5.png> <./figures/1174027/7/6.png>]
<figures/1174027/7/7.png, id=440, 322.95656pt x 277.035pt>
File: figures/1174027/7/7.png Graphic file (type png)
<use figures/1174027/7/7.png>
Package pdftex.def Info: figures/1174027/7/7.png  used on input line 75.
(pdftex.def)             Requested size: 113.81102pt x 97.62737pt.

Overfull \hbox (1.48666pt too wide) in paragraph at lines 73--78
\OT1/ptm/m/n/10 model = se-quen-tial be-rarti vari-abel model berisi method se-
quen-tial yang berguna
 []

<figures/1174027/7/8.png, id=441, 284.56313pt x 96.36pt>
File: figures/1174027/7/8.png Graphic file (type png)
<use figures/1174027/7/8.png>
Package pdftex.def Info: figures/1174027/7/8.png  used on input line 80.
(pdftex.def)             Requested size: 113.81102pt x 38.5389pt.

LaTeX Warning: Reference `lst:7.2' on page 26 undefined on input line 84.


Underfull \hbox (badness 10000) in paragraph at lines 84--86

 []

<figures/1174027/7/9.png, id=442, 682.04813pt x 517.935pt>
File: figures/1174027/7/9.png Graphic file (type png)
<use figures/1174027/7/9.png>
Package pdftex.def Info: figures/1174027/7/9.png  used on input line 92.
(pdftex.def)             Requested size: 113.81102pt x 86.41975pt.

Overfull \vbox (6.372pt too high) has occurred while \output is active []


Underfull \hbox (badness 10000) has occurred while \output is active
[]
 []

[26 <./figures/1174027/7/7.png> <./figures/1174027/7/8.png>]
Missing character: There is no Ô in font ptmr7t!
Missing character: There is no ¨ in font ptmr7t!
Missing character: There is no Å in font ptmr7t!
Missing character: There is no Ô in font ptmr7t!
Missing character: There is no ¨ in font ptmr7t!
Missing character: There is no Å in font ptmr7t!
Missing character: There is no Ô in font ptmr7t!
Missing character: There is no ¨ in font ptmr7t!
Missing character: There is no Å in font ptmr7t!
Missing character: There is no Ô in font ptmr7t!
Missing character: There is no ¨ in font ptmr7t!
Missing character: There is no Å in font ptmr7t!
<figures/1174027/7/10.png, id=464, 216.81pt x 267.24844pt>
File: figures/1174027/7/10.png Graphic file (type png)
<use figures/1174027/7/10.png>
Package pdftex.def Info: figures/1174027/7/10.png  used on input line 106.
(pdftex.def)             Requested size: 113.81102pt x 140.28714pt.

Overfull \hbox (3.21704pt too wide) in paragraph at lines 102--109
[]\OT1/ptm/m/n/10 Jelaskan den-gan ilus-trasi gam-bar bu-atan sendiri(langkah p
er langkah) bagaimana
 []


Underfull \vbox (badness 10000) has occurred while \output is active []


Overfull \vbox (6.372pt too high) has occurred while \output is active []


Underfull \hbox (badness 10000) has occurred while \output is active
[]
 []

[27 <./figures/1174027/7/9.png>] (src/1174027/7/1174027.py)
(src/1174027/7/1174027.py
LaTeX Font Info:    Try loading font information for OML+ptm on input line 29.

("C:\Users\Damara\AppData\Local\Programs\MiKTeX 2.9\tex\latex\psnfss\omlptm.fd"
File: omlptm.fd 
)
LaTeX Font Info:    Font shape `OML/ptm/m/n' in size <8> not available
(Font)              Font shape `OML/cmm/m/it' tried instead on input line 29.

Overfull \vbox (6.372pt too high) has occurred while \output is active []

 [28 <./figures/1174027/7/10.png>]) (src/1174027/7/1174027.py) (src/1174027/7/1
174027.py)
Overfull \vbox (6.372pt too high) has occurred while \output is active []


Underfull \hbox (badness 10000) has occurred while \output is active
[]
 []

[29] (src/1174027/7/1174027.py) (src/1174027/7/1174027.py)
(src/1174027/7/1174027.py) (src/1174027/7/1174027.py
Overfull \vbox (6.372pt too high) has occurred while \output is active []

 [30])
(src/1174027/7/1174027.py) (src/1174027/7/1174027.py
Overfull \vbox (6.372pt too high) has occurred while \output is active []

 [31])
(src/1174027/7/1174027.py) (src/1174027/7/1174027.py) (src/1174027/7/1174027.py

Overfull \vbox (6.372pt too high) has occurred while \output is active []

 [32]
Underfull \vbox (badness 10000) has occurred while \output is active []


Overfull \vbox (6.372pt too high) has occurred while \output is active []

 [33])
(src/1174027/7/1174027.py
Overfull \vbox (6.372pt too high) has occurred while \output is active []

 [34])
(src/1174027/7/1174027.py) (src/1174027/7/1174027.py) (src/1174027/7/1174027.py
) (src/1174027/7/1174027.py) (src/1174027/7/1174027.py
Overfull \vbox (6.372pt too high) has occurred while \output is active []

 [35])
(src/1174027/7/1174027.py)
<figures/1174027/error/7_no_module.png, id=782, 455.45157pt x 55.70813pt>
File: figures/1174027/error/7_no_module.png Graphic file (type png)
<use figures/1174027/error/7_no_module.png>
Package pdftex.def Info: figures/1174027/error/7_no_module.png  used on input l
ine 177.
(pdftex.def)             Requested size: 113.81102pt x 13.92018pt.

Overfull \vbox (6.372pt too high) has occurred while \output is active []


Underfull \hbox (badness 10000) has occurred while \output is active
[]
 []

[36]
<figures/1174027/bukti/7.png, id=821, 1371.1225pt x 770.88pt>
File: figures/1174027/bukti/7.png Graphic file (type png)
<use figures/1174027/bukti/7.png>
Package pdftex.def Info: figures/1174027/bukti/7.png  used on input line 191.
(pdftex.def)             Requested size: 113.81102pt x 63.97714pt.
) (chapters/chapter7/1174012.tex
<figures/1174012/chapter7/1,1.PNG, id=822, 536.75531pt x 191.9672pt>
File: figures/1174012/chapter7/1,1.PNG Graphic file (type png)
<use figures/1174012/chapter7/1,1.PNG>
Package pdftex.def Info: figures/1174012/chapter7/1,1.PNG  used on input line 2
0.
(pdftex.def)             Requested size: 214.6983pt x 76.7855pt.
LaTeX Font Info:    Try loading font information for OT1+pcr on input line 27.

("C:\Users\Damara\AppData\Local\Programs\MiKTeX 2.9\tex\latex\psnfss\ot1pcr.fd"
File: ot1pcr.fd 2001/06/04 font definitions for OT1/pcr.
)
Overfull \vbox (6.372pt too high) has occurred while \output is active []


Underfull \hbox (badness 10000) has occurred while \output is active
[]
 []

[37 <./figures/1174027/error/7_no_module.png> <./figures/1174027/bukti/7.png>]
<figures/1174012/chapter7/1,2.PNG, id=838, 413.29407pt x 322.20375pt>
File: figures/1174012/chapter7/1,2.PNG Graphic file (type png)
<use figures/1174012/chapter7/1,2.PNG>
Package pdftex.def Info: figures/1174012/chapter7/1,2.PNG  used on input line 3
4.
(pdftex.def)             Requested size: 165.31468pt x 128.87921pt.
<figures/1174012/chapter7/1,3.PNG, id=839, 383.18156pt x 201.00093pt>
File: figures/1174012/chapter7/1,3.PNG Graphic file (type png)
<use figures/1174012/chapter7/1,3.PNG>
Package pdftex.def Info: figures/1174012/chapter7/1,3.PNG  used on input line 4
5.
(pdftex.def)             Requested size: 153.2699pt x 80.39894pt.

Overfull \hbox (13.90681pt too wide) in paragraph at lines 51--51
[]\OT1/ptm/m/n/10 Jelaskan apa mak-sud kode pro-gram traint[]content =d['CONTEN
T'].iloc[traint[]idx]
 []

<figures/1174012/chapter7/1,4.PNG, id=840, 358.33875pt x 106.14656pt>
File: figures/1174012/chapter7/1,4.PNG Graphic file (type png)
<use figures/1174012/chapter7/1,4.PNG>
Package pdftex.def Info: figures/1174012/chapter7/1,4.PNG  used on input line 5
5.
(pdftex.def)             Requested size: 143.33296pt x 42.45787pt.

Overfull \vbox (6.372pt too high) has occurred while \output is active []


Underfull \hbox (badness 10000) has occurred while \output is active
[]
 []

[38 <./figures/1174012/chapter7/1,1.PNG> <./figures/1174012/chapter7/1,2.PNG>]
<figures/1174012/chapter7/1,5.PNG, id=852, 499.8675pt x 87.32625pt>
File: figures/1174012/chapter7/1,5.PNG Graphic file (type png)
<use figures/1174012/chapter7/1,5.PNG>
Package pdftex.def Info: figures/1174012/chapter7/1,5.PNG  used on input line 6
5.
(pdftex.def)             Requested size: 199.94345pt x 34.92987pt.

Overfull \hbox (65.19678pt too wide) in paragraph at lines 62--69
\OT1/ptm/m/n/10 kali-mat yang telah di buat men-jadi to-ken se-banyak 2000 kata
 dan fin-gsi fit[]on[]texts(train[]konten)
 []

<figures/1174012/chapter7/1,6.PNG, id=853, 420.82219pt x 153.57375pt>
File: figures/1174012/chapter7/1,6.PNG Graphic file (type png)
<use figures/1174012/chapter7/1,6.PNG>
Package pdftex.def Info: figures/1174012/chapter7/1,6.PNG  used on input line 7
5.
(pdftex.def)             Requested size: 168.32588pt x 61.4284pt.

Overfull \hbox (87.96645pt too wide) in paragraph at lines 81--81
[]\OT1/ptm/m/n/10 Jelaskan apa mak-sud dari fungsi \OT1/ptm/m/it/10 d[]train[]i
nputs = d[]train[]inputs/np.amax(np.absolute(d[]train[]inputs))
 []


Overfull \hbox (5.89676pt too wide) in paragraph at lines 81--81
\OT1/ptm/m/n/10 dan \OT1/ptm/m/it/10 d[]test[]inputs = d[]test[]inputs/np.amax(
np.absolute(d[]test[]inputs))\OT1/ptm/m/n/10 , dilengkapi
 []

<figures/1174012/chapter7/1,7.PNG, id=854, 451.6875pt x 312.41719pt>
File: figures/1174012/chapter7/1,7.PNG Graphic file (type png)
<use figures/1174012/chapter7/1,7.PNG>
Package pdftex.def Info: figures/1174012/chapter7/1,7.PNG  used on input line 8
6.
(pdftex.def)             Requested size: 180.67178pt x 124.96465pt.

Overfull \vbox (6.372pt too high) has occurred while \output is active []


Underfull \hbox (badness 10000) has occurred while \output is active
[]
 []

[39 <./figures/1174012/chapter7/1,3.PNG> <./figures/1174012/chapter7/1,4.PNG> <
./figures/1174012/chapter7/1,5.PNG>]
Overfull \hbox (55.89595pt too wide) in paragraph at lines 92--92
[]\OT1/ptm/m/n/10 Jelaskan apa mak-sud fungsi dari d train out-puts = np utils.
to cat-e-gor-i-cal(d['CLASS'].iloc[train
 []

<figures/1174012/chapter7/1,8.PNG, id=868, 429.85594pt x 287.57437pt>
File: figures/1174012/chapter7/1,8.PNG Graphic file (type png)
<use figures/1174012/chapter7/1,8.PNG>
Package pdftex.def Info: figures/1174012/chapter7/1,8.PNG  used on input line 9
7.
(pdftex.def)             Requested size: 171.93933pt x 115.02771pt.
<figures/1174012/chapter7/1,9.PNG, id=869, 555.57562pt x 271.0125pt>
File: figures/1174012/chapter7/1,9.PNG Graphic file (type png)
<use figures/1174012/chapter7/1,9.PNG>
Package pdftex.def Info: figures/1174012/chapter7/1,9.PNG  used on input line 1
06.
(pdftex.def)             Requested size: 222.2263pt x 108.40306pt.

Overfull \hbox (1.48666pt too wide) in paragraph at lines 103--110
[]\OT1/ptm/m/n/10 model = se-quen-tial be-rarti vari-abel model berisi method s
e-quen-tial yang berguna
 []


Overfull \vbox (6.372pt too high) has occurred while \output is active []


Underfull \hbox (badness 10000) has occurred while \output is active
[]
 []

[40 <./figures/1174012/chapter7/1,6.PNG> <./figures/1174012/chapter7/1,7.PNG>]
Overfull \vbox (6.372pt too high) has occurred while \output is active []


Underfull \hbox (badness 10000) has occurred while \output is active
[]
 []

[41 <./figures/1174012/chapter7/1,8.PNG> <./figures/1174012/chapter7/1,9.PNG>]
Overfull \hbox (3.21704pt too wide) in paragraph at lines 120--120
[]\OT1/ptm/m/n/10 Jelaskan den-gan ilus-trasi gam-bar bu-atan sendiri(langkah p
er langkah) bagaimana
 []

<figures/1174012/chapter7/1,10.PNG, id=891, 266.49562pt x 258.21469pt>
File: figures/1174012/chapter7/1,10.PNG Graphic file (type png)
<use figures/1174012/chapter7/1,10.PNG>
Package pdftex.def Info: figures/1174012/chapter7/1,10.PNG  used on input line 
126.
(pdftex.def)             Requested size: 106.59636pt x 103.28404pt.
(src/1174012/chapter7/2,1.py)
<figures/1174012/chapter7/2,1.JPG, id=892, 520.94624pt x 128.73094pt>
File: figures/1174012/chapter7/2,1.JPG Graphic file (type jpg)
<use figures/1174012/chapter7/2,1.JPG>
Package pdftex.def Info: figures/1174012/chapter7/2,1.JPG  used on input line 1
41.
(pdftex.def)             Requested size: 208.3748pt x 51.49146pt.
 (src/1174012/chapter7/2,2.py
Overfull \vbox (6.372pt too high) has occurred while \output is active []

 [42 <./figures/1174012/chapter7/1,10.PNG>])
<figures/1174012/chapter7/2,2.JPG, id=912, 520.94624pt x 128.73094pt>
File: figures/1174012/chapter7/2,2.JPG Graphic file (type jpg)
<use figures/1174012/chapter7/2,2.JPG>
Package pdftex.def Info: figures/1174012/chapter7/2,2.JPG  used on input line 1
52.
(pdftex.def)             Requested size: 208.3748pt x 51.49146pt.
 (src/1174012/chapter7/2,3.py
Overfull \vbox (6.372pt too high) has occurred while \output is active []

 [43 <./figures/1174012/chapter7/2,1.JPG>])
<figures/1174012/chapter7/2,3.JPG, id=953, 267.24844pt x 83.5622pt>
File: figures/1174012/chapter7/2,3.JPG Graphic file (type jpg)
<use figures/1174012/chapter7/2,3.JPG>
Package pdftex.def Info: figures/1174012/chapter7/2,3.JPG  used on input line 1
63.
(pdftex.def)             Requested size: 106.89748pt x 33.42427pt.
 (src/1174012/chapter7/2,4.py)
<figures/1174012/chapter7/2,4.JPG, id=954, 446.41782pt x 116.68594pt>
File: figures/1174012/chapter7/2,4.JPG Graphic file (type jpg)
<use figures/1174012/chapter7/2,4.JPG>
Package pdftex.def Info: figures/1174012/chapter7/2,4.JPG  used on input line 1
73.
(pdftex.def)             Requested size: 178.56395pt x 46.67354pt.

Overfull \vbox (6.372pt too high) has occurred while \output is active []


Underfull \hbox (badness 10000) has occurred while \output is active
[]
 []

[44 <./figures/1174012/chapter7/2,2.JPG> <./figures/1174012/chapter7/2,3.JPG> <
./figures/1174012/chapter7/2,4.JPG>] (src/1174012/chapter7/2,5.py)
<figures/1174012/chapter7/2,5.JPG, id=981, 368.87813pt x 47.42719pt>
File: figures/1174012/chapter7/2,5.JPG Graphic file (type jpg)
<use figures/1174012/chapter7/2,5.JPG>
Package pdftex.def Info: figures/1174012/chapter7/2,5.JPG  used on input line 1
83.
(pdftex.def)             Requested size: 147.54863pt x 18.97054pt.

(src/1174012/chapter7/2,6.py)
<figures/1174012/chapter7/2,6.JPG, id=982, 395.22656pt x 60.225pt>
File: figures/1174012/chapter7/2,6.JPG Graphic file (type jpg)
<use figures/1174012/chapter7/2,6.JPG>
Package pdftex.def Info: figures/1174012/chapter7/2,6.JPG  used on input line 1
93.
(pdftex.def)             Requested size: 158.08781pt x 24.08955pt.
 (src/1174012/chapter7/2,7.py)
<figures/1174012/chapter7/2,7.JPG, id=983, 521.69907pt x 109.91063pt>
File: figures/1174012/chapter7/2,7.JPG Graphic file (type jpg)
<use figures/1174012/chapter7/2,7.JPG>
Package pdftex.def Info: figures/1174012/chapter7/2,7.JPG  used on input line 2
03.
(pdftex.def)             Requested size: 208.67592pt x 43.96346pt.

(src/1174012/chapter7/2,8.py
Overfull \vbox (6.372pt too high) has occurred while \output is active []

 [45 <./figures/1174012/chapter7/2,5.JPG> <./figures/1174012/chapter7/2,6.JPG>]
)
<figures/1174012/chapter7/2,8.JPG, id=1019, 604.50844pt x 140.02313pt>
File: figures/1174012/chapter7/2,8.JPG Graphic file (type jpg)
<use figures/1174012/chapter7/2,8.JPG>
Package pdftex.def Info: figures/1174012/chapter7/2,8.JPG  used on input line 2
13.
(pdftex.def)             Requested size: 241.79909pt x 56.00826pt.

(src/1174012/chapter7/2,9.py)
<figures/1174012/chapter7/2,9.JPG, id=1020, 344.78813pt x 57.21375pt>
File: figures/1174012/chapter7/2,9.JPG Graphic file (type jpg)
<use figures/1174012/chapter7/2,9.JPG>
Package pdftex.def Info: figures/1174012/chapter7/2,9.JPG  used on input line 2
23.
(pdftex.def)             Requested size: 137.9128pt x 22.88509pt.
 (src/1174012/chapter7/2,10.py
Overfull \vbox (6.372pt too high) has occurred while \output is active []

 [46 <./figures/1174012/chapter7/2,7.JPG> <./figures/1174012/chapter7/2,8.JPG> 
<./figures/1174012/chapter7/2,9.JPG>])
<figures/1174012/chapter7/2,10.JPG, id=1047, 432.11438pt x 337.26pt>
File: figures/1174012/chapter7/2,10.JPG Graphic file (type jpg)
<use figures/1174012/chapter7/2,10.JPG>
Package pdftex.def Info: figures/1174012/chapter7/2,10.JPG  used on input line 
233.
(pdftex.def)             Requested size: 172.84268pt x 134.9016pt.

Overfull \vbox (6.372pt too high) has occurred while \output is active []


Underfull \hbox (badness 10000) has occurred while \output is active
[]
 []

[47 <./figures/1174012/chapter7/2,10.JPG>] (src/1174012/chapter7/2,11.py)
<figures/1174012/chapter7/2,11.JPG, id=1079, 485.56406pt x 43.66313pt>
File: figures/1174012/chapter7/2,11.JPG Graphic file (type jpg)
<use figures/1174012/chapter7/2,11.JPG>
Package pdftex.def Info: figures/1174012/chapter7/2,11.JPG  used on input line 
243.
(pdftex.def)             Requested size: 194.22217pt x 17.46494pt.

(src/1174012/chapter7/2,12.py)
<figures/1174012/chapter7/2,12.JPG, id=1080, 361.35pt x 130.98938pt>
File: figures/1174012/chapter7/2,12.JPG Graphic file (type jpg)
<use figures/1174012/chapter7/2,12.JPG>
Package pdftex.def Info: figures/1174012/chapter7/2,12.JPG  used on input line 
253.
(pdftex.def)             Requested size: 144.53743pt x 52.3948pt.
 (src/1174012/chapter7/2,13.py
Overfull \vbox (6.372pt too high) has occurred while \output is active []

 [48 <./figures/1174012/chapter7/2,11.JPG> <./figures/1174012/chapter7/2,12.JPG
>]
Underfull \vbox (badness 10000) has occurred while \output is active []


Overfull \vbox (6.372pt too high) has occurred while \output is active []

 [49])
<figures/1174012/chapter7/2,13.JPG, id=1157, 699.36281pt x 374.14781pt>
File: figures/1174012/chapter7/2,13.JPG Graphic file (type jpg)
<use figures/1174012/chapter7/2,13.JPG>
Package pdftex.def Info: figures/1174012/chapter7/2,13.JPG  used on input line 
263.
(pdftex.def)             Requested size: 279.74016pt x 149.65646pt.

(src/1174012/chapter7/2,14.py
Overfull \vbox (6.372pt too high) has occurred while \output is active []

 [50 <./figures/1174012/chapter7/2,13.JPG>])
<figures/1174012/chapter7/2,14.JPG, id=1183, 350.81062pt x 281.55188pt>
File: figures/1174012/chapter7/2,14.JPG Graphic file (type jpg)
<use figures/1174012/chapter7/2,14.JPG>
Package pdftex.def Info: figures/1174012/chapter7/2,14.JPG  used on input line 
273.
(pdftex.def)             Requested size: 140.32175pt x 112.61874pt.
 (src/1174012/chapter7/2,15.py
Overfull \vbox (6.372pt too high) has occurred while \output is active []

 [51 <./figures/1174012/chapter7/2,14.JPG>])
<figures/1174012/chapter7/2,15.JPG, id=1213, 223.58531pt x 164.11313pt>
File: figures/1174012/chapter7/2,15.JPG Graphic file (type jpg)
<use figures/1174012/chapter7/2,15.JPG>
Package pdftex.def Info: figures/1174012/chapter7/2,15.JPG  used on input line 
283.
(pdftex.def)             Requested size: 89.43253pt x 65.64407pt.
 (src/1174012/chapter7/2,16.py)
<figures/1174012/chapter7/2,16.JPG, id=1214, 247.67531pt x 49.68562pt>
File: figures/1174012/chapter7/2,16.JPG Graphic file (type jpg)
<use figures/1174012/chapter7/2,16.JPG>
Package pdftex.def Info: figures/1174012/chapter7/2,16.JPG  used on input line 
293.
(pdftex.def)             Requested size: 99.06836pt x 19.87389pt.

(src/1174012/chapter7/2,17.py)
<figures/1174012/chapter7/2,17.JPG, id=1215, 373.395pt x 323.70938pt>
File: figures/1174012/chapter7/2,17.JPG Graphic file (type jpg)
<use figures/1174012/chapter7/2,17.JPG>
Package pdftex.def Info: figures/1174012/chapter7/2,17.JPG  used on input line 
303.
(pdftex.def)             Requested size: 149.35535pt x 129.48145pt.
 (src/1174012/chapter7/2,18.py)
<figures/1174012/chapter7/2,18.JPG, id=1216, 321.45094pt x 47.42719pt>
File: figures/1174012/chapter7/2,18.JPG Graphic file (type jpg)
<use figures/1174012/chapter7/2,18.JPG>
Package pdftex.def Info: figures/1174012/chapter7/2,18.JPG  used on input line 
313.
(pdftex.def)             Requested size: 128.5781pt x 18.97054pt.

Overfull \vbox (6.372pt too high) has occurred while \output is active []


Underfull \hbox (badness 10000) has occurred while \output is active
[]
 []

[52 <./figures/1174012/chapter7/2,15.JPG> <./figures/1174012/chapter7/2,16.JPG>
] (src/1174012/chapter7/2,19.py
Overfull \vbox (6.372pt too high) has occurred while \output is active []

 [53 <./figures/1174012/chapter7/2,17.JPG> <./figures/1174012/chapter7/2,18.JPG
>])
<figures/1174012/chapter7/2,19.JPG, id=1275, 611.28375pt x 179.16937pt>
File: figures/1174012/chapter7/2,19.JPG Graphic file (type jpg)
<use figures/1174012/chapter7/2,19.JPG>
Package pdftex.def Info: figures/1174012/chapter7/2,19.JPG  used on input line 
323.
(pdftex.def)             Requested size: 244.50917pt x 71.66647pt.

(src/1174012/chapter7/2,20.py)
<figures/1174012/chapter7/2,20.JPG, id=1276, 511.15968pt x 142.28156pt>
File: figures/1174012/chapter7/2,20.JPG Graphic file (type jpg)
<use figures/1174012/chapter7/2,20.JPG>
Package pdftex.def Info: figures/1174012/chapter7/2,20.JPG  used on input line 
333.
(pdftex.def)             Requested size: 204.46024pt x 56.9116pt.
)
No file main.bbl.

Overfull \vbox (6.372pt too high) has occurred while \output is active []


Underfull \hbox (badness 10000) has occurred while \output is active
[]
 []

[54 <./figures/1174012/chapter7/2,19.JPG> <./figures/1174012/chapter7/2,20.JPG>
]
No file main.ind.
Package atveryend Info: Empty hook `BeforeClearDocument' on input line 388.
Package atveryend Info: Empty hook `AfterLastShipout' on input line 388.
(main.aux)
Package atveryend Info: Executing hook `AtVeryEndDocument' on input line 388.
Package atveryend Info: Executing hook `AtEndAfterFileList' on input line 388.


Package rerunfilecheck Warning: File `main.out' has changed.
(rerunfilecheck)                Rerun to get outlines right
(rerunfilecheck)                or use package `bookmark'.

Package rerunfilecheck Info: Checksums for `main.out':
(rerunfilecheck)             Before: D41D8CD98F00B204E9800998ECF8427E;0
(rerunfilecheck)             After:  194BE4E78C4CB5DEABAD711735E5D720;1471.

LaTeX Warning: There were undefined references.


LaTeX Warning: Label(s) may have changed. Rerun to get cross-references right.

 ) 
Here is how much of TeX's memory you used:
 8931 strings out of 493305
 138132 string characters out of 3129366
 675472 words of memory out of 3000000
 11236 multiletter control sequences out of 15000+200000
 68553 words of font info for 129 fonts, out of 3000000 for 9000
 1141 hyphenation exceptions out of 8191
 31i,11n,47p,834b,1789s stack positions out of 5000i,500n,10000p,200000b,50000s
{C:/Users/Damara/AppData/Local/Programs/MiKTeX 2.9/fonts/enc/dvips/base/8r.en
c}<C:/Users/Damara/AppData/Local/Programs/MiKTeX 2.9/fonts/type1/public/amsfont
s/cm/cmex10.pfb><C:/Users/Damara/AppData/Local/Programs/MiKTeX 2.9/fonts/type1/
public/amsfonts/cm/cmmi10.pfb><C:/Users/Damara/AppData/Local/Programs/MiKTeX 2.
9/fonts/type1/public/amsfonts/cm/cmmi7.pfb><C:/Users/Damara/AppData/Local/Progr
ams/MiKTeX 2.9/fonts/type1/public/amsfonts/cm/cmmi8.pfb><C:/Users/Damara/AppDat
a/Local/Programs/MiKTeX 2.9/fonts/type1/public/amsfonts/cm/cmr10.pfb><C:/Users/
Damara/AppData/Local/Programs/MiKTeX 2.9/fonts/type1/public/amsfonts/cm/cmsy10.
pfb><C:/Users/Damara/AppData/Local/Programs/MiKTeX 2.9/fonts/type1/public/amsfo
nts/cm/cmsy8.pfb><C:/Users/Damara/AppData/Local/Programs/MiKTeX 2.9/fonts/type1
/urw/courier/ucrr8a.pfb><C:/Users/Damara/AppData/Local/Programs/MiKTeX 2.9/font
s/type1/urw/helvetic/uhvb8a.pfb><C:/Users/Damara/AppData/Local/Programs/MiKTeX 
2.9/fonts/type1/urw/helvetic/uhvr8a.pfb><C:/Users/Damara/AppData/Local/Programs
/MiKTeX 2.9/fonts/type1/urw/times/utmb8a.pfb><C:/Users/Damara/AppData/Local/Pro
grams/MiKTeX 2.9/fonts/type1/urw/times/utmbi8a.pfb><C:/Users/Damara/AppData/Loc
al/Programs/MiKTeX 2.9/fonts/type1/urw/times/utmr8a.pfb><C:/Users/Damara/AppDat
a/Local/Programs/MiKTeX 2.9/fonts/type1/urw/times/utmri8a.pfb>
Output written on main.pdf (79 pages, 1870380 bytes).
PDF statistics:
 1534 PDF objects out of 1728 (max. 8388607)
 938 named destinations out of 1000 (max. 500000)
 291 words of extra memory for PDF output out of 10000 (max. 10000000)

